<?xml version="1.0" encoding="UTF-8"?>
<testng-results skipped="0" failed="0" total="6" passed="6">
  <reporter-output>
  </reporter-output>
  <suite name="Default suite" duration-ms="6460" started-at="2020-05-12T03:27:17Z" finished-at="2020-05-12T03:27:24Z">
    <groups>
      <group name="cucumber">
        <method signature="CucumberRunner.feature(cucumber.api.testng.CucumberFeatureWrapper)[pri:0, instance:GlobalUtils.CucumberRunner@56ef9176]" name="feature" class="GlobalUtils.CucumberRunner"/>
      </group> <!-- cucumber -->
    </groups>
    <test name="Default test" duration-ms="6460" started-at="2020-05-12T03:27:17Z" finished-at="2020-05-12T03:27:24Z">
      <class name="GlobalUtils.CucumberRunner">
        <test-method status="PASS" signature="setUpClass()[pri:0, instance:GlobalUtils.CucumberRunner@56ef9176]" name="setUpClass" is-config="true" duration-ms="345" started-at="2020-05-12T08:57:17Z" finished-at="2020-05-12T08:57:18Z">
          <reporter-output>
          </reporter-output>
        </test-method> <!-- setUpClass -->
        <test-method status="PASS" signature="feature(cucumber.api.testng.CucumberFeatureWrapper)[pri:0, instance:GlobalUtils.CucumberRunner@56ef9176]" name="feature" duration-ms="3172" started-at="2020-05-12T08:57:18Z" description="Runs Cucumber Feature" data-provider="features" finished-at="2020-05-12T08:57:21Z">
          <params>
            <param index="0">
              <value>
                <![CDATA[Rate API Validation]]>
              </value>
            </param>
          </params>
          <reporter-output>
          </reporter-output>
        </test-method> <!-- feature -->
        <test-method status="PASS" signature="feature(cucumber.api.testng.CucumberFeatureWrapper)[pri:0, instance:GlobalUtils.CucumberRunner@56ef9176]" name="feature" duration-ms="1061" started-at="2020-05-12T08:57:21Z" description="Runs Cucumber Feature" data-provider="features" finished-at="2020-05-12T08:57:22Z">
          <params>
            <param index="0">
              <value>
                <![CDATA[Rate API Response Validation]]>
              </value>
            </param>
          </params>
          <reporter-output>
          </reporter-output>
        </test-method> <!-- feature -->
        <test-method status="PASS" signature="feature(cucumber.api.testng.CucumberFeatureWrapper)[pri:0, instance:GlobalUtils.CucumberRunner@56ef9176]" name="feature" duration-ms="733" started-at="2020-05-12T08:57:22Z" description="Runs Cucumber Feature" data-provider="features" finished-at="2020-05-12T08:57:23Z">
          <params>
            <param index="0">
              <value>
                <![CDATA[Rate API Validation for incorrect url]]>
              </value>
            </param>
          </params>
          <reporter-output>
          </reporter-output>
        </test-method> <!-- feature -->
        <test-method status="PASS" signature="feature(cucumber.api.testng.CucumberFeatureWrapper)[pri:0, instance:GlobalUtils.CucumberRunner@56ef9176]" name="feature" duration-ms="483" started-at="2020-05-12T08:57:23Z" description="Runs Cucumber Feature" data-provider="features" finished-at="2020-05-12T08:57:23Z">
          <params>
            <param index="0">
              <value>
                <![CDATA[Rate API Validation for Specific Date]]>
              </value>
            </param>
          </params>
          <reporter-output>
          </reporter-output>
        </test-method> <!-- feature -->
        <test-method status="PASS" signature="feature(cucumber.api.testng.CucumberFeatureWrapper)[pri:0, instance:GlobalUtils.CucumberRunner@56ef9176]" name="feature" duration-ms="519" started-at="2020-05-12T08:57:23Z" description="Runs Cucumber Feature" data-provider="features" finished-at="2020-05-12T08:57:24Z">
          <params>
            <param index="0">
              <value>
                <![CDATA[Rate API Response Validation for Specific Date]]>
              </value>
            </param>
          </params>
          <reporter-output>
          </reporter-output>
        </test-method> <!-- feature -->
        <test-method status="PASS" signature="feature(cucumber.api.testng.CucumberFeatureWrapper)[pri:0, instance:GlobalUtils.CucumberRunner@56ef9176]" name="feature" duration-ms="4" started-at="2020-05-12T08:57:24Z" description="Runs Cucumber Feature" data-provider="features" finished-at="2020-05-12T08:57:24Z">
          <params>
            <param index="0">
              <value>
                <![CDATA[Rate API Validation]]>
              </value>
            </param>
          </params>
          <reporter-output>
          </reporter-output>
        </test-method> <!-- feature -->
        <test-method status="PASS" signature="tearDownClass()[pri:0, instance:GlobalUtils.CucumberRunner@56ef9176]" name="tearDownClass" is-config="true" duration-ms="14" started-at="2020-05-12T08:57:24Z" finished-at="2020-05-12T08:57:24Z">
          <reporter-output>
          </reporter-output>
        </test-method> <!-- tearDownClass -->
      </class> <!-- GlobalUtils.CucumberRunner -->
    </test> <!-- Default test -->
  </suite> <!-- Default suite -->
</testng-results>
