<?xml version="1.0" encoding="UTF-8"?>
<!-- Generated by org.testng.reporters.JUnitXMLReporter -->
<testsuite hostname="vishaljaiswal" name="Default test" tests="6" failures="0" timestamp="12 May 2020 03:27:24 GMT" time="6.46" errors="0">
  <testcase name="feature" time="3.172" classname="GlobalUtils.CucumberRunner"/>
  <testcase name="feature" time="1.061" classname="GlobalUtils.CucumberRunner"/>
  <testcase name="feature" time="0.733" classname="GlobalUtils.CucumberRunner"/>
  <testcase name="feature" time="0.483" classname="GlobalUtils.CucumberRunner"/>
  <testcase name="feature" time="0.519" classname="GlobalUtils.CucumberRunner"/>
  <testcase name="feature" time="0.004" classname="GlobalUtils.CucumberRunner"/>
</testsuite> <!-- Default test -->
